===20171005-003312,main[63]=== query_string=[cmd=newFile&fromId=0&count=8&user=green]
===20171005-003312,main[70]=== fromd=[0],count=8
===20171005-003312,main[89]=== json_str=[
{
	"games":	[{
			"id":	"",
			"kind":	1,
			"title_m":	"46e74acfd9257bc2e0bc4e81a2065574.png",
			"title_s":	"green",
			"descrip":	"2017-10-04 23:39:43",
			"picurl_m":	"http://192.168.0.118/static/file_png/2.png",
			"url":	"http://192.168.0.118/",
			"pv":	0,
			"hot":	0
		}, {
			"id":	"",
			"kind":	1,
			"title_m":	"46e74acfd9257bc2e0bc4e81a2065574.png",
			"title_s":	"green",
			"descrip":	"2017-10-04 23:39:43",
			"picurl_m":	"http://192.168.0.118/static/file_png/2.png",
			"url":	"http://192.168.0.118/",
			"pv":	0,
			"hot":	0
		}, {
			"id":	"group1/M00/00/00/wKgAdlnUzw-ATDDaAAJmk4WtM5o124.gif",
			"kind":	1,
			"title_m":	"0b91b6dda843f2c113beafb0b4554103.gif",
			"title_s":	"ICE",
			"descrip":	"2017-10-04 08:07:43",
			"picurl_m":	"http://192.168.0.118/static/file_png/2.png",
			"url":	"http://192.168.0.118/group1/M00/00/00/wKgAdlnUzw-ATDDaAAJmk4WtM5o124.gif",
			"pv":	1,
			"hot":	0
		}, {
			"id":	"group1/M00/00/00/wKgAdlnUzw-ACNlRAABEZj458is.tar.gz",
			"kind":	1,
			"title_m":	"fastdfs-nginx-module_v1.16.tar.gz",
			"title_s":	"ICE",
			"descrip":	"2017-10-04 08:07:43",
			"picurl_m":	"http://192.168.0.118/static/file_png/2.png",
			"url":	"http://192.168.0.118/group1/M00/00/00/wKgAdlnUzw-ACNlRAABEZj458is.tar.gz",
			"pv":	0,
			"hot":	0
		}, {
			"id":	"group1/M00/00/00/wKgAdlnUzTOAHjU2AACtONOd9co998.png",
			"kind":	1,
			"title_m":	"2.png",
			"title_s":	"ICE",
			"descrip":	"2017-10-04 07:59:47",
			"picurl_m":	"http://192.168.0.118/static/file_png/2.png",
			"url":	"http://192.168.0.118/group1/M00/00/00/wKgAdlnUzTOAHjU2AACtONOd9co998.png",
			"pv":	2,
			"hot":	0
		}, {
			"id":	"group1/M00/00/00/wKgAdlnUmJ-ARUuEAAFPhuiQfjQ063.png",
			"kind":	1,
			"title_m":	"8cc55a7e941edaa26a079bf003b2da49.png",
			"title_s":	"ICE",
			"descrip":	"2017-10-04 04:15:27",
			"picurl_m":	"http://192.168.0.118/static/file_png/2.png",
			"url":	"http://192.168.0.118/group1/M00/00/00/wKgAdlnUmJ-ARUuEAAFPhuiQfjQ063.png",
			"pv":	3,
			"hot":	0
		}, {
			"id":	"",
			"kind":	1,
			"title_m":	"46e74acfd9257bc2e0bc4e81a2065574.png",
			"title_s":	"green",
			"descrip":	"2017-10-04 23:39:43",
			"picurl_m":	"http://192.168.0.118/static/file_png/2.png",
			"url":	"http://192.168.0.118/",
			"pv":	0,
			"hot":	0
		}, {
			"id":	"",
			"kind":	1,
			"title_m":	"46e74acfd9257bc2e0bc4e81a2065574.png",
			"title_s":	"green",
			"descrip":	"2017-10-04 23:39:43",
			"picurl_m":	"http://192.168.0.118/static/file_png/2.png",
			"url":	"http://192.168.0.118/",
			"pv":	0,
			"hot":	0
		}]
}
]
===20171005-003343,main[63]=== query_string=[cmd=newFile&fromId=0&count=8&user=red]
===20171005-003343,main[70]=== fromd=[0],count=8
===20171005-003343,main[89]=== json_str=[
{
	"games":	[{
			"id":	"",
			"kind":	1,
			"title_m":	"46e74acfd9257bc2e0bc4e81a2065574.png",
			"title_s":	"green",
			"descrip":	"2017-10-04 23:39:43",
			"picurl_m":	"http://192.168.0.118/static/file_png/2.png",
			"url":	"http://192.168.0.118/",
			"pv":	0,
			"hot":	0
		}, {
			"id":	"",
			"kind":	1,
			"title_m":	"46e74acfd9257bc2e0bc4e81a2065574.png",
			"title_s":	"green",
			"descrip":	"2017-10-04 23:39:43",
			"picurl_m":	"http://192.168.0.118/static/file_png/2.png",
			"url":	"http://192.168.0.118/",
			"pv":	0,
			"hot":	0
		}, {
			"id":	"group1/M00/00/00/wKgAdlnUzw-ATDDaAAJmk4WtM5o124.gif",
			"kind":	1,
			"title_m":	"0b91b6dda843f2c113beafb0b4554103.gif",
			"title_s":	"ICE",
			"descrip":	"2017-10-04 08:07:43",
			"picurl_m":	"http://192.168.0.118/static/file_png/2.png",
			"url":	"http://192.168.0.118/group1/M00/00/00/wKgAdlnUzw-ATDDaAAJmk4WtM5o124.gif",
			"pv":	1,
			"hot":	0
		}, {
			"id":	"group1/M00/00/00/wKgAdlnUzw-ACNlRAABEZj458is.tar.gz",
			"kind":	1,
			"title_m":	"fastdfs-nginx-module_v1.16.tar.gz",
			"title_s":	"ICE",
			"descrip":	"2017-10-04 08:07:43",
			"picurl_m":	"http://192.168.0.118/static/file_png/2.png",
			"url":	"http://192.168.0.118/group1/M00/00/00/wKgAdlnUzw-ACNlRAABEZj458is.tar.gz",
			"pv":	0,
			"hot":	0
		}, {
			"id":	"group1/M00/00/00/wKgAdlnUzTOAHjU2AACtONOd9co998.png",
			"kind":	1,
			"title_m":	"2.png",
			"title_s":	"ICE",
			"descrip":	"2017-10-04 07:59:47",
			"picurl_m":	"http://192.168.0.118/static/file_png/2.png",
			"url":	"http://192.168.0.118/group1/M00/00/00/wKgAdlnUzTOAHjU2AACtONOd9co998.png",
			"pv":	2,
			"hot":	0
		}, {
			"id":	"group1/M00/00/00/wKgAdlnUmJ-ARUuEAAFPhuiQfjQ063.png",
			"kind":	1,
			"title_m":	"8cc55a7e941edaa26a079bf003b2da49.png",
			"title_s":	"ICE",
			"descrip":	"2017-10-04 04:15:27",
			"picurl_m":	"http://192.168.0.118/static/file_png/2.png",
			"url":	"http://192.168.0.118/group1/M00/00/00/wKgAdlnUmJ-ARUuEAAFPhuiQfjQ063.png",
			"pv":	3,
			"hot":	0
		}, {
			"id":	"",
			"kind":	1,
			"title_m":	"46e74acfd9257bc2e0bc4e81a2065574.png",
			"title_s":	"green",
			"descrip":	"2017-10-04 23:39:43",
			"picurl_m":	"http://192.168.0.118/static/file_png/2.png",
			"url":	"http://192.168.0.118/",
			"pv":	0,
			"hot":	0
		}, {
			"id":	"",
			"kind":	1,
			"title_m":	"46e74acfd9257bc2e0bc4e81a2065574.png",
			"title_s":	"green",
			"descrip":	"2017-10-04 23:39:43",
			"picurl_m":	"http://192.168.0.118/static/file_png/2.png",
			"url":	"http://192.168.0.118/",
			"pv":	0,
			"hot":	0
		}]
}
]
===20171005-004615,main[64]=== query_string=[cmd=newFile&fromId=0&count=8&user=red]
===20171005-004615,main[72]=== fromd=[0],count=8,user=red
===20171005-004615,main[91]=== json_str=[
{
	"games":	[{
			"id":	"group1/M00/00/00/wKgAdlnVtjyAAxrNAA4X67OLUNk422.png",
			"kind":	1,
			"title_m":	"10e5ea81ff81c9ba1a18c18546379186.png",
			"title_s":	"red",
			"descrip":	"2017-10-05 00:34:04",
			"picurl_m":	"http://192.168.0.118/static/file_png/2.png",
			"url":	"http://192.168.0.118/group1/M00/00/00/wKgAdlnVtjyAAxrNAA4X67OLUNk422.png",
			"pv":	0,
			"hot":	0
		}]
}
]
===20171005-004629,main[64]=== query_string=[cmd=newFile&fromId=0&count=8&user=green]
===20171005-004629,main[72]=== fromd=[0],count=8,user=green
===20171005-004629,main[91]=== json_str=[
{
	"games":	[{
			"id":	"group1/M00/00/00/wKgAdlnVtbyAF-LdAAD4Uk5RSp8961.jpg",
			"kind":	1,
			"title_m":	"5fdf8db1cb1349544f4b8f3a5e4e9258d1094a12.jpg",
			"title_s":	"green",
			"descrip":	"2017-10-05 00:31:56",
			"picurl_m":	"http://192.168.0.118/static/file_png/2.png",
			"url":	"http://192.168.0.118/group1/M00/00/00/wKgAdlnVtbyAF-LdAAD4Uk5RSp8961.jpg",
			"pv":	0,
			"hot":	0
		}, {
			"id":	"",
			"kind":	1,
			"title_m":	"46e74acfd9257bc2e0bc4e81a2065574.png",
			"title_s":	"green",
			"descrip":	"2017-10-04 23:39:43",
			"picurl_m":	"http://192.168.0.118/static/file_png/2.png",
			"url":	"http://192.168.0.118/",
			"pv":	0,
			"hot":	0
		}, {
			"id":	"",
			"kind":	1,
			"title_m":	"46e74acfd9257bc2e0bc4e81a2065574.png",
			"title_s":	"green",
			"descrip":	"2017-10-04 23:39:43",
			"picurl_m":	"http://192.168.0.118/static/file_png/2.png",
			"url":	"http://192.168.0.118/",
			"pv":	0,
			"hot":	0
		}]
}
]
===20171005-004634,main[64]=== query_string=[cmd=newFile&fromId=3&count=8&user=green]
===20171005-004634,main[72]=== fromd=[3],count=8,user=green
===20171005-004634,main[91]=== json_str=[
{
	"games":	[]
}
]
===20171005-004655,main[64]=== query_string=[cmd=newFile&fromId=0&count=8&user=green]
===20171005-004655,main[72]=== fromd=[0],count=8,user=green
===20171005-004655,main[91]=== json_str=[
{
	"games":	[{
			"id":	"group1/M00/00/00/wKgAdlnVuTeAIdEdAA7zgPVYRyU936.gif",
			"kind":	1,
			"title_m":	"1d37d570c1ec01e5f9c96dd096d5db40.gif",
			"title_s":	"green",
			"descrip":	"2017-10-05 00:46:47",
			"picurl_m":	"http://192.168.0.118/static/file_png/2.png",
			"url":	"http://192.168.0.118/group1/M00/00/00/wKgAdlnVuTeAIdEdAA7zgPVYRyU936.gif",
			"pv":	0,
			"hot":	0
		}, {
			"id":	"group1/M00/00/00/wKgAdlnVtbyAF-LdAAD4Uk5RSp8961.jpg",
			"kind":	1,
			"title_m":	"5fdf8db1cb1349544f4b8f3a5e4e9258d1094a12.jpg",
			"title_s":	"green",
			"descrip":	"2017-10-05 00:31:56",
			"picurl_m":	"http://192.168.0.118/static/file_png/2.png",
			"url":	"http://192.168.0.118/group1/M00/00/00/wKgAdlnVtbyAF-LdAAD4Uk5RSp8961.jpg",
			"pv":	0,
			"hot":	0
		}, {
			"id":	"",
			"kind":	1,
			"title_m":	"46e74acfd9257bc2e0bc4e81a2065574.png",
			"title_s":	"green",
			"descrip":	"2017-10-04 23:39:43",
			"picurl_m":	"http://192.168.0.118/static/file_png/2.png",
			"url":	"http://192.168.0.118/",
			"pv":	0,
			"hot":	0
		}, {
			"id":	"",
			"kind":	1,
			"title_m":	"46e74acfd9257bc2e0bc4e81a2065574.png",
			"title_s":	"green",
			"descrip":	"2017-10-04 23:39:43",
			"picurl_m":	"http://192.168.0.118/static/file_png/2.png",
			"url":	"http://192.168.0.118/",
			"pv":	0,
			"hot":	0
		}]
}
]
===20171005-004707,main[64]=== query_string=[cmd=newFile&fromId=0&count=8&user=red]
===20171005-004707,main[72]=== fromd=[0],count=8,user=red
===20171005-004707,main[91]=== json_str=[
{
	"games":	[{
			"id":	"group1/M00/00/00/wKgAdlnVtjyAAxrNAA4X67OLUNk422.png",
			"kind":	1,
			"title_m":	"10e5ea81ff81c9ba1a18c18546379186.png",
			"title_s":	"red",
			"descrip":	"2017-10-05 00:34:04",
			"picurl_m":	"http://192.168.0.118/static/file_png/2.png",
			"url":	"http://192.168.0.118/group1/M00/00/00/wKgAdlnVtjyAAxrNAA4X67OLUNk422.png",
			"pv":	0,
			"hot":	0
		}]
}
]
===20171005-004834,main[64]=== query_string=[cmd=shared&fileId=group1%2FM00%2F00%2F00%2FwKgAdlnVtjyAAxrNAA4X67OLUNk422.png&user=red]
===20171005-004834,main[64]=== query_string=[cmd=newFile&fromId=0&count=8&user=red]
===20171005-004834,main[72]=== fromd=[0],count=8,user=red
===20171005-004834,main[91]=== json_str=[
{
	"games":	[{
			"id":	"group1/M00/00/00/wKgAdlnVtjyAAxrNAA4X67OLUNk422.png",
			"kind":	1,
			"title_m":	"10e5ea81ff81c9ba1a18c18546379186.png",
			"title_s":	"red",
			"descrip":	"2017-10-05 00:34:04",
			"picurl_m":	"http://192.168.0.118/static/file_png/2.png",
			"url":	"http://192.168.0.118/group1/M00/00/00/wKgAdlnVtjyAAxrNAA4X67OLUNk422.png",
			"pv":	0,
			"hot":	0
		}]
}
]
===20171005-004911,main[64]=== query_string=[cmd=shared&fileId=group1%2FM00%2F00%2F00%2FwKgAdlnVtjyAAxrNAA4X67OLUNk422.png&user=red]
===20171005-004911,main[64]=== query_string=[cmd=newFile&fromId=0&count=8&user=red]
===20171005-004911,main[72]=== fromd=[0],count=8,user=red
===20171005-004911,main[91]=== json_str=[
{
	"games":	[{
			"id":	"group1/M00/00/00/wKgAdlnVtjyAAxrNAA4X67OLUNk422.png",
			"kind":	1,
			"title_m":	"10e5ea81ff81c9ba1a18c18546379186.png",
			"title_s":	"red",
			"descrip":	"2017-10-05 00:34:04",
			"picurl_m":	"http://192.168.0.118/static/file_png/2.png",
			"url":	"http://192.168.0.118/group1/M00/00/00/wKgAdlnVtjyAAxrNAA4X67OLUNk422.png",
			"pv":	0,
			"hot":	0
		}]
}
]
===20171005-004926,main[64]=== query_string=[cmd=shared&fileId=group1%2FM00%2F00%2F00%2FwKgAdlnVtjyAAxrNAA4X67OLUNk422.png&user=red]
===20171005-004926,main[64]=== query_string=[cmd=newFile&fromId=0&count=8&user=red]
===20171005-004926,main[72]=== fromd=[0],count=8,user=red
===20171005-004926,main[91]=== json_str=[
{
	"games":	[{
			"id":	"group1/M00/00/00/wKgAdlnVtjyAAxrNAA4X67OLUNk422.png",
			"kind":	1,
			"title_m":	"10e5ea81ff81c9ba1a18c18546379186.png",
			"title_s":	"red",
			"descrip":	"2017-10-05 00:34:04",
			"picurl_m":	"http://192.168.0.118/static/file_png/2.png",
			"url":	"http://192.168.0.118/group1/M00/00/00/wKgAdlnVtjyAAxrNAA4X67OLUNk422.png",
			"pv":	0,
			"hot":	0
		}]
}
]
===20171005-005126,main[64]=== query_string=[cmd=shareFile&fromId=0&count=8&user=red]
===20171005-005127,main[64]=== query_string=[cmd=newFile&fromId=0&count=8&user=red]
===20171005-005127,main[72]=== fromd=[0],count=8,user=red
===20171005-005127,main[91]=== json_str=[
{
	"games":	[{
			"id":	"group1/M00/00/00/wKgAdlnVtjyAAxrNAA4X67OLUNk422.png",
			"kind":	1,
			"title_m":	"10e5ea81ff81c9ba1a18c18546379186.png",
			"title_s":	"red",
			"descrip":	"2017-10-05 00:34:04",
			"picurl_m":	"http://192.168.0.118/static/file_png/2.png",
			"url":	"http://192.168.0.118/group1/M00/00/00/wKgAdlnVtjyAAxrNAA4X67OLUNk422.png",
			"pv":	0,
			"hot":	0
		}]
}
]
===20171005-005128,main[64]=== query_string=[cmd=shareFile&fromId=0&count=8&user=red]
===20171005-022158,main[64]=== query_string=[cmd=newFile&fromId=0&count=8&user=red]
===20171005-022158,main[72]=== fromd=[0],count=8,user=red
===20171005-022158,main[91]=== json_str=[
{
	"games":	[{
			"id":	"group1/M00/00/00/wKgAdlnVtjyAAxrNAA4X67OLUNk422.png",
			"kind":	1,
			"title_m":	"10e5ea81ff81c9ba1a18c18546379186.png",
			"title_s":	"red",
			"descrip":	"2017-10-05 00:34:04",
			"picurl_m":	"http://192.168.0.118/static/file_png/2.png",
			"url":	"http://192.168.0.118/group1/M00/00/00/wKgAdlnVtjyAAxrNAA4X67OLUNk422.png",
			"pv":	0,
			"hot":	0
		}]
}
]
===20171005-022202,main[64]=== query_string=[cmd=newFile&fromId=1&count=8&user=red]
===20171005-022202,main[72]=== fromd=[1],count=8,user=red
===20171005-022202,main[91]=== json_str=[
{
	"games":	[]
}
]
===20171005-024011,main[104]=== query_string=[cmd=newFile&fromId=0&count=8&user=red]
===20171005-024011,main[112]=== fromd=[0],count=8,user=red
===20171005-024011,main[131]=== json_str=[
{
	"games":	[{
			"id":	"group1/M00/00/00/wKgAdlnVtjyAAxrNAA4X67OLUNk422.png",
			"kind":	1,
			"title_m":	"10e5ea81ff81c9ba1a18c18546379186.png",
			"title_s":	"red",
			"descrip":	"2017-10-05 00:34:04",
			"picurl_m":	"http://192.168.0.118/static/file_png/2.png",
			"url":	"http://192.168.0.118/group1/M00/00/00/wKgAdlnVtjyAAxrNAA4X67OLUNk422.png",
			"pv":	0,
			"hot":	0
		}]
}
]
===20171005-024026,main[104]=== query_string=[cmd=newFile&fromId=0&count=8&user=red]
===20171005-024026,main[112]=== fromd=[0],count=8,user=red
===20171005-024026,main[131]=== json_str=[
{
	"games":	[{
			"id":	"group1/M00/00/00/wKgAdlnV09iAXXX7AATZlirAVlQ413.png",
			"kind":	1,
			"title_m":	"a37cbde0c34309ec05130c561c64705b.png",
			"title_s":	"red",
			"descrip":	"2017-10-05 02:40:24",
			"picurl_m":	"http://192.168.0.118/static/file_png/2.png",
			"url":	"http://192.168.0.118/group1/M00/00/00/wKgAdlnV09iAXXX7AATZlirAVlQ413.png",
			"pv":	0,
			"hot":	0
		}, {
			"id":	"group1/M00/00/00/wKgAdlnVtjyAAxrNAA4X67OLUNk422.png",
			"kind":	1,
			"title_m":	"10e5ea81ff81c9ba1a18c18546379186.png",
			"title_s":	"red",
			"descrip":	"2017-10-05 00:34:04",
			"picurl_m":	"http://192.168.0.118/static/file_png/2.png",
			"url":	"http://192.168.0.118/group1/M00/00/00/wKgAdlnVtjyAAxrNAA4X67OLUNk422.png",
			"pv":	0,
			"hot":	0
		}]
}
]
===20171005-024028,main[104]=== query_string=[cmd=shared&fileId=group1%2FM00%2F00%2F00%2FwKgAdlnV09iAXXX7AATZlirAVlQ413.png&user=red]
===20171005-024029,main[104]=== query_string=[cmd=newFile&fromId=0&count=8&user=red]
===20171005-024029,main[112]=== fromd=[0],count=8,user=red
===20171005-024029,main[131]=== json_str=[
{
	"games":	[{
			"id":	"group1/M00/00/00/wKgAdlnV09iAXXX7AATZlirAVlQ413.png",
			"kind":	1,
			"title_m":	"a37cbde0c34309ec05130c561c64705b.png",
			"title_s":	"red",
			"descrip":	"2017-10-05 02:40:24",
			"picurl_m":	"http://192.168.0.118/static/file_png/2.png",
			"url":	"http://192.168.0.118/group1/M00/00/00/wKgAdlnV09iAXXX7AATZlirAVlQ413.png",
			"pv":	1,
			"hot":	1
		}, {
			"id":	"group1/M00/00/00/wKgAdlnVtjyAAxrNAA4X67OLUNk422.png",
			"kind":	1,
			"title_m":	"10e5ea81ff81c9ba1a18c18546379186.png",
			"title_s":	"red",
			"descrip":	"2017-10-05 00:34:04",
			"picurl_m":	"http://192.168.0.118/static/file_png/2.png",
			"url":	"http://192.168.0.118/group1/M00/00/00/wKgAdlnVtjyAAxrNAA4X67OLUNk422.png",
			"pv":	0,
			"hot":	0
		}]
}
]
===20171005-024031,main[104]=== query_string=[cmd=shareFile&fromId=0&count=8&user=red]
===20171005-024050,main[104]=== query_string=[cmd=newFile&fromId=0&count=8&user=red]
===20171005-024050,main[112]=== fromd=[0],count=8,user=red
===20171005-024050,main[131]=== json_str=[
{
	"games":	[{
			"id":	"group1/M00/00/00/wKgAdlnV09iAXXX7AATZlirAVlQ413.png",
			"kind":	1,
			"title_m":	"a37cbde0c34309ec05130c561c64705b.png",
			"title_s":	"red",
			"descrip":	"2017-10-05 02:40:24",
			"picurl_m":	"http://192.168.0.118/static/file_png/2.png",
			"url":	"http://192.168.0.118/group1/M00/00/00/wKgAdlnV09iAXXX7AATZlirAVlQ413.png",
			"pv":	1,
			"hot":	1
		}, {
			"id":	"group1/M00/00/00/wKgAdlnVtjyAAxrNAA4X67OLUNk422.png",
			"kind":	1,
			"title_m":	"10e5ea81ff81c9ba1a18c18546379186.png",
			"title_s":	"red",
			"descrip":	"2017-10-05 00:34:04",
			"picurl_m":	"http://192.168.0.118/static/file_png/2.png",
			"url":	"http://192.168.0.118/group1/M00/00/00/wKgAdlnVtjyAAxrNAA4X67OLUNk422.png",
			"pv":	0,
			"hot":	0
		}]
}
]
===20171005-024058,main[104]=== query_string=[cmd=shareFile&fromId=0&count=8&user=red]
===20171005-025511,main[105]=== query_string=[cmd=newFile&fromId=0&count=8&user=red]
===20171005-025511,main[113]=== fromd=[0],count=8,user=red
===20171005-025511,main[132]=== json_str=[
{
	"games":	[{
			"id":	"group1/M00/00/00/wKgAdlnV09iAXXX7AATZlirAVlQ413.png",
			"kind":	1,
			"title_m":	"a37cbde0c34309ec05130c561c64705b.png",
			"title_s":	"red",
			"descrip":	"2017-10-05 02:40:24",
			"picurl_m":	"http://192.168.0.118/static/file_png/2.png",
			"url":	"http://192.168.0.118/group1/M00/00/00/wKgAdlnV09iAXXX7AATZlirAVlQ413.png",
			"pv":	1,
			"hot":	1
		}, {
			"id":	"group1/M00/00/00/wKgAdlnVtjyAAxrNAA4X67OLUNk422.png",
			"kind":	1,
			"title_m":	"10e5ea81ff81c9ba1a18c18546379186.png",
			"title_s":	"red",
			"descrip":	"2017-10-05 00:34:04",
			"picurl_m":	"http://192.168.0.118/static/file_png/2.png",
			"url":	"http://192.168.0.118/group1/M00/00/00/wKgAdlnVtjyAAxrNAA4X67OLUNk422.png",
			"pv":	0,
			"hot":	0
		}]
}
]
===20171005-025513,main[105]=== query_string=[cmd=shareFile&fromId=0&count=8&user=red]
===20171005-025513,main[162]=== fromd=[0],count=8,user=red
===20171005-025513,main[171]=== json_str=[
{
	"games":	[{
			"id":	"group1/M00/00/00/wKgAdlnV09iAXXX7AATZlirAVlQ413.png",
			"kind":	1,
			"title_m":	"a37cbde0c34309ec05130c561c64705b.png",
			"title_s":	"red",
			"descrip":	"2017-10-05 02:40:24",
			"picurl_m":	"http://192.168.0.118/static/file_png/2.png",
			"url":	"http://192.168.0.118/group1/M00/00/00/wKgAdlnV09iAXXX7AATZlirAVlQ413.png",
			"pv":	1,
			"hot":	1
		}]
}
]
===20171005-025520,main[105]=== query_string=[cmd=newFile&fromId=0&count=8&user=red]
===20171005-025520,main[113]=== fromd=[0],count=8,user=red
===20171005-025520,main[132]=== json_str=[
{
	"games":	[{
			"id":	"group1/M00/00/00/wKgAdlnV09iAXXX7AATZlirAVlQ413.png",
			"kind":	1,
			"title_m":	"a37cbde0c34309ec05130c561c64705b.png",
			"title_s":	"red",
			"descrip":	"2017-10-05 02:40:24",
			"picurl_m":	"http://192.168.0.118/static/file_png/2.png",
			"url":	"http://192.168.0.118/group1/M00/00/00/wKgAdlnV09iAXXX7AATZlirAVlQ413.png",
			"pv":	1,
			"hot":	1
		}, {
			"id":	"group1/M00/00/00/wKgAdlnVtjyAAxrNAA4X67OLUNk422.png",
			"kind":	1,
			"title_m":	"10e5ea81ff81c9ba1a18c18546379186.png",
			"title_s":	"red",
			"descrip":	"2017-10-05 00:34:04",
			"picurl_m":	"http://192.168.0.118/static/file_png/2.png",
			"url":	"http://192.168.0.118/group1/M00/00/00/wKgAdlnVtjyAAxrNAA4X67OLUNk422.png",
			"pv":	0,
			"hot":	0
		}]
}
]
===20171005-025522,main[105]=== query_string=[cmd=shared&fileId=group1%2FM00%2F00%2F00%2FwKgAdlnVtjyAAxrNAA4X67OLUNk422.png&user=red]
===20171005-025523,main[105]=== query_string=[cmd=newFile&fromId=0&count=8&user=red]
===20171005-025523,main[113]=== fromd=[0],count=8,user=red
===20171005-025523,main[132]=== json_str=[
{
	"games":	[{
			"id":	"group1/M00/00/00/wKgAdlnV09iAXXX7AATZlirAVlQ413.png",
			"kind":	1,
			"title_m":	"a37cbde0c34309ec05130c561c64705b.png",
			"title_s":	"red",
			"descrip":	"2017-10-05 02:40:24",
			"picurl_m":	"http://192.168.0.118/static/file_png/2.png",
			"url":	"http://192.168.0.118/group1/M00/00/00/wKgAdlnV09iAXXX7AATZlirAVlQ413.png",
			"pv":	1,
			"hot":	1
		}, {
			"id":	"group1/M00/00/00/wKgAdlnVtjyAAxrNAA4X67OLUNk422.png",
			"kind":	1,
			"title_m":	"10e5ea81ff81c9ba1a18c18546379186.png",
			"title_s":	"red",
			"descrip":	"2017-10-05 00:34:04",
			"picurl_m":	"http://192.168.0.118/static/file_png/2.png",
			"url":	"http://192.168.0.118/group1/M00/00/00/wKgAdlnVtjyAAxrNAA4X67OLUNk422.png",
			"pv":	0,
			"hot":	1
		}]
}
]
===20171005-025527,main[105]=== query_string=[cmd=newFile&fromId=0&count=8&user=red]
===20171005-025527,main[113]=== fromd=[0],count=8,user=red
===20171005-025527,main[132]=== json_str=[
{
	"games":	[{
			"id":	"group1/M00/00/00/wKgAdlnV09iAXXX7AATZlirAVlQ413.png",
			"kind":	1,
			"title_m":	"a37cbde0c34309ec05130c561c64705b.png",
			"title_s":	"red",
			"descrip":	"2017-10-05 02:40:24",
			"picurl_m":	"http://192.168.0.118/static/file_png/2.png",
			"url":	"http://192.168.0.118/group1/M00/00/00/wKgAdlnV09iAXXX7AATZlirAVlQ413.png",
			"pv":	1,
			"hot":	1
		}, {
			"id":	"group1/M00/00/00/wKgAdlnVtjyAAxrNAA4X67OLUNk422.png",
			"kind":	1,
			"title_m":	"10e5ea81ff81c9ba1a18c18546379186.png",
			"title_s":	"red",
			"descrip":	"2017-10-05 00:34:04",
			"picurl_m":	"http://192.168.0.118/static/file_png/2.png",
			"url":	"http://192.168.0.118/group1/M00/00/00/wKgAdlnVtjyAAxrNAA4X67OLUNk422.png",
			"pv":	0,
			"hot":	1
		}]
}
]
===20171005-025527,main[105]=== query_string=[cmd=shareFile&fromId=0&count=8&user=red]
===20171005-025527,main[162]=== fromd=[0],count=8,user=red
===20171005-025527,main[171]=== json_str=[
{
	"games":	[{
			"id":	"group1/M00/00/00/wKgAdlnVtjyAAxrNAA4X67OLUNk422.png",
			"kind":	1,
			"title_m":	"10e5ea81ff81c9ba1a18c18546379186.png",
			"title_s":	"red",
			"descrip":	"2017-10-05 00:34:04",
			"picurl_m":	"http://192.168.0.118/static/file_png/2.png",
			"url":	"http://192.168.0.118/group1/M00/00/00/wKgAdlnVtjyAAxrNAA4X67OLUNk422.png",
			"pv":	0,
			"hot":	1
		}, {
			"id":	"group1/M00/00/00/wKgAdlnV09iAXXX7AATZlirAVlQ413.png",
			"kind":	1,
			"title_m":	"a37cbde0c34309ec05130c561c64705b.png",
			"title_s":	"red",
			"descrip":	"2017-10-05 02:40:24",
			"picurl_m":	"http://192.168.0.118/static/file_png/2.png",
			"url":	"http://192.168.0.118/group1/M00/00/00/wKgAdlnV09iAXXX7AATZlirAVlQ413.png",
			"pv":	1,
			"hot":	1
		}]
}
]
===20171005-025536,main[105]=== query_string=[cmd=newFile&fromId=0&count=8&user=green]
===20171005-025536,main[113]=== fromd=[0],count=8,user=green
===20171005-025536,main[132]=== json_str=[
{
	"games":	[{
			"id":	"group1/M00/00/00/wKgAdlnVuTeAIdEdAA7zgPVYRyU936.gif",
			"kind":	1,
			"title_m":	"1d37d570c1ec01e5f9c96dd096d5db40.gif",
			"title_s":	"green",
			"descrip":	"2017-10-05 00:46:47",
			"picurl_m":	"http://192.168.0.118/static/file_png/2.png",
			"url":	"http://192.168.0.118/group1/M00/00/00/wKgAdlnVuTeAIdEdAA7zgPVYRyU936.gif",
			"pv":	0,
			"hot":	0
		}, {
			"id":	"group1/M00/00/00/wKgAdlnVtbyAF-LdAAD4Uk5RSp8961.jpg",
			"kind":	1,
			"title_m":	"5fdf8db1cb1349544f4b8f3a5e4e9258d1094a12.jpg",
			"title_s":	"green",
			"descrip":	"2017-10-05 00:31:56",
			"picurl_m":	"http://192.168.0.118/static/file_png/2.png",
			"url":	"http://192.168.0.118/group1/M00/00/00/wKgAdlnVtbyAF-LdAAD4Uk5RSp8961.jpg",
			"pv":	0,
			"hot":	0
		}, {
			"id":	"",
			"kind":	1,
			"title_m":	"46e74acfd9257bc2e0bc4e81a2065574.png",
			"title_s":	"green",
			"descrip":	"2017-10-04 23:39:43",
			"picurl_m":	"http://192.168.0.118/static/file_png/2.png",
			"url":	"http://192.168.0.118/",
			"pv":	0,
			"hot":	0
		}, {
			"id":	"",
			"kind":	1,
			"title_m":	"46e74acfd9257bc2e0bc4e81a2065574.png",
			"title_s":	"green",
			"descrip":	"2017-10-04 23:39:43",
			"picurl_m":	"http://192.168.0.118/static/file_png/2.png",
			"url":	"http://192.168.0.118/",
			"pv":	0,
			"hot":	0
		}]
}
]
===20171005-025537,main[105]=== query_string=[cmd=shareFile&fromId=0&count=8&user=green]
===20171005-025537,main[162]=== fromd=[0],count=8,user=green
===20171005-025537,main[171]=== json_str=[
{
	"games":	[{
			"id":	"group1/M00/00/00/wKgAdlnVtjyAAxrNAA4X67OLUNk422.png",
			"kind":	1,
			"title_m":	"10e5ea81ff81c9ba1a18c18546379186.png",
			"title_s":	"red",
			"descrip":	"2017-10-05 00:34:04",
			"picurl_m":	"http://192.168.0.118/static/file_png/2.png",
			"url":	"http://192.168.0.118/group1/M00/00/00/wKgAdlnVtjyAAxrNAA4X67OLUNk422.png",
			"pv":	0,
			"hot":	1
		}, {
			"id":	"group1/M00/00/00/wKgAdlnV09iAXXX7AATZlirAVlQ413.png",
			"kind":	1,
			"title_m":	"a37cbde0c34309ec05130c561c64705b.png",
			"title_s":	"red",
			"descrip":	"2017-10-05 02:40:24",
			"picurl_m":	"http://192.168.0.118/static/file_png/2.png",
			"url":	"http://192.168.0.118/group1/M00/00/00/wKgAdlnV09iAXXX7AATZlirAVlQ413.png",
			"pv":	1,
			"hot":	1
		}]
}
]
===20171005-025540,main[105]=== query_string=[cmd=newFile&fromId=0&count=8&user=green]
===20171005-025540,main[113]=== fromd=[0],count=8,user=green
===20171005-025540,main[132]=== json_str=[
{
	"games":	[{
			"id":	"group1/M00/00/00/wKgAdlnVuTeAIdEdAA7zgPVYRyU936.gif",
			"kind":	1,
			"title_m":	"1d37d570c1ec01e5f9c96dd096d5db40.gif",
			"title_s":	"green",
			"descrip":	"2017-10-05 00:46:47",
			"picurl_m":	"http://192.168.0.118/static/file_png/2.png",
			"url":	"http://192.168.0.118/group1/M00/00/00/wKgAdlnVuTeAIdEdAA7zgPVYRyU936.gif",
			"pv":	0,
			"hot":	0
		}, {
			"id":	"group1/M00/00/00/wKgAdlnVtbyAF-LdAAD4Uk5RSp8961.jpg",
			"kind":	1,
			"title_m":	"5fdf8db1cb1349544f4b8f3a5e4e9258d1094a12.jpg",
			"title_s":	"green",
			"descrip":	"2017-10-05 00:31:56",
			"picurl_m":	"http://192.168.0.118/static/file_png/2.png",
			"url":	"http://192.168.0.118/group1/M00/00/00/wKgAdlnVtbyAF-LdAAD4Uk5RSp8961.jpg",
			"pv":	0,
			"hot":	0
		}, {
			"id":	"",
			"kind":	1,
			"title_m":	"46e74acfd9257bc2e0bc4e81a2065574.png",
			"title_s":	"green",
			"descrip":	"2017-10-04 23:39:43",
			"picurl_m":	"http://192.168.0.118/static/file_png/2.png",
			"url":	"http://192.168.0.118/",
			"pv":	0,
			"hot":	0
		}, {
			"id":	"",
			"kind":	1,
			"title_m":	"46e74acfd9257bc2e0bc4e81a2065574.png",
			"title_s":	"green",
			"descrip":	"2017-10-04 23:39:43",
			"picurl_m":	"http://192.168.0.118/static/file_png/2.png",
			"url":	"http://192.168.0.118/",
			"pv":	0,
			"hot":	0
		}]
}
]
===20171005-025542,main[105]=== query_string=[cmd=shared&fileId=group1%2FM00%2F00%2F00%2FwKgAdlnVuTeAIdEdAA7zgPVYRyU936.gif&user=green]
===20171005-025542,main[105]=== query_string=[cmd=newFile&fromId=0&count=8&user=green]
===20171005-025542,main[113]=== fromd=[0],count=8,user=green
===20171005-025542,main[132]=== json_str=[
{
	"games":	[{
			"id":	"group1/M00/00/00/wKgAdlnVuTeAIdEdAA7zgPVYRyU936.gif",
			"kind":	1,
			"title_m":	"1d37d570c1ec01e5f9c96dd096d5db40.gif",
			"title_s":	"green",
			"descrip":	"2017-10-05 00:46:47",
			"picurl_m":	"http://192.168.0.118/static/file_png/2.png",
			"url":	"http://192.168.0.118/group1/M00/00/00/wKgAdlnVuTeAIdEdAA7zgPVYRyU936.gif",
			"pv":	0,
			"hot":	1
		}, {
			"id":	"group1/M00/00/00/wKgAdlnVtbyAF-LdAAD4Uk5RSp8961.jpg",
			"kind":	1,
			"title_m":	"5fdf8db1cb1349544f4b8f3a5e4e9258d1094a12.jpg",
			"title_s":	"green",
			"descrip":	"2017-10-05 00:31:56",
			"picurl_m":	"http://192.168.0.118/static/file_png/2.png",
			"url":	"http://192.168.0.118/group1/M00/00/00/wKgAdlnVtbyAF-LdAAD4Uk5RSp8961.jpg",
			"pv":	0,
			"hot":	0
		}, {
			"id":	"",
			"kind":	1,
			"title_m":	"46e74acfd9257bc2e0bc4e81a2065574.png",
			"title_s":	"green",
			"descrip":	"2017-10-04 23:39:43",
			"picurl_m":	"http://192.168.0.118/static/file_png/2.png",
			"url":	"http://192.168.0.118/",
			"pv":	0,
			"hot":	0
		}, {
			"id":	"",
			"kind":	1,
			"title_m":	"46e74acfd9257bc2e0bc4e81a2065574.png",
			"title_s":	"green",
			"descrip":	"2017-10-04 23:39:43",
			"picurl_m":	"http://192.168.0.118/static/file_png/2.png",
			"url":	"http://192.168.0.118/",
			"pv":	0,
			"hot":	0
		}]
}
]
===20171005-025544,main[105]=== query_string=[cmd=shareFile&fromId=0&count=8&user=green]
===20171005-025544,main[162]=== fromd=[0],count=8,user=green
===20171005-025544,main[171]=== json_str=[
{
	"games":	[{
			"id":	"group1/M00/00/00/wKgAdlnVuTeAIdEdAA7zgPVYRyU936.gif",
			"kind":	1,
			"title_m":	"1d37d570c1ec01e5f9c96dd096d5db40.gif",
			"title_s":	"green",
			"descrip":	"2017-10-05 00:46:47",
			"picurl_m":	"http://192.168.0.118/static/file_png/2.png",
			"url":	"http://192.168.0.118/group1/M00/00/00/wKgAdlnVuTeAIdEdAA7zgPVYRyU936.gif",
			"pv":	0,
			"hot":	1
		}, {
			"id":	"group1/M00/00/00/wKgAdlnVtjyAAxrNAA4X67OLUNk422.png",
			"kind":	1,
			"title_m":	"10e5ea81ff81c9ba1a18c18546379186.png",
			"title_s":	"red",
			"descrip":	"2017-10-05 00:34:04",
			"picurl_m":	"http://192.168.0.118/static/file_png/2.png",
			"url":	"http://192.168.0.118/group1/M00/00/00/wKgAdlnVtjyAAxrNAA4X67OLUNk422.png",
			"pv":	0,
			"hot":	1
		}, {
			"id":	"group1/M00/00/00/wKgAdlnV09iAXXX7AATZlirAVlQ413.png",
			"kind":	1,
			"title_m":	"a37cbde0c34309ec05130c561c64705b.png",
			"title_s":	"red",
			"descrip":	"2017-10-05 02:40:24",
			"picurl_m":	"http://192.168.0.118/static/file_png/2.png",
			"url":	"http://192.168.0.118/group1/M00/00/00/wKgAdlnV09iAXXX7AATZlirAVlQ413.png",
			"pv":	1,
			"hot":	1
		}]
}
]
===20171005-030517,main[105]=== query_string=[cmd=newFile&fromId=0&count=8&user=green]
===20171005-030517,main[113]=== fromd=[0],count=8,user=green
===20171005-030517,main[132]=== json_str=[
{
	"games":	[{
			"id":	"group1/M00/00/00/wKgAdlnVuTeAIdEdAA7zgPVYRyU936.gif",
			"kind":	1,
			"title_m":	"1d37d570c1ec01e5f9c96dd096d5db40.gif",
			"title_s":	"green",
			"descrip":	"2017-10-05 00:46:47",
			"picurl_m":	"http://192.168.0.118/static/file_png/2.png",
			"url":	"http://192.168.0.118/group1/M00/00/00/wKgAdlnVuTeAIdEdAA7zgPVYRyU936.gif",
			"pv":	0,
			"hot":	1
		}, {
			"id":	"group1/M00/00/00/wKgAdlnVtbyAF-LdAAD4Uk5RSp8961.jpg",
			"kind":	1,
			"title_m":	"5fdf8db1cb1349544f4b8f3a5e4e9258d1094a12.jpg",
			"title_s":	"green",
			"descrip":	"2017-10-05 00:31:56",
			"picurl_m":	"http://192.168.0.118/static/file_png/2.png",
			"url":	"http://192.168.0.118/group1/M00/00/00/wKgAdlnVtbyAF-LdAAD4Uk5RSp8961.jpg",
			"pv":	0,
			"hot":	0
		}, {
			"id":	"",
			"kind":	1,
			"title_m":	"46e74acfd9257bc2e0bc4e81a2065574.png",
			"title_s":	"green",
			"descrip":	"2017-10-04 23:39:43",
			"picurl_m":	"http://192.168.0.118/static/file_png/2.png",
			"url":	"http://192.168.0.118/",
			"pv":	0,
			"hot":	0
		}, {
			"id":	"",
			"kind":	1,
			"title_m":	"46e74acfd9257bc2e0bc4e81a2065574.png",
			"title_s":	"green",
			"descrip":	"2017-10-04 23:39:43",
			"picurl_m":	"http://192.168.0.118/static/file_png/2.png",
			"url":	"http://192.168.0.118/",
			"pv":	0,
			"hot":	0
		}]
}
]
===20171005-030523,main[105]=== query_string=[cmd=newFile&fromId=0&count=8&user=green]
===20171005-030523,main[113]=== fromd=[0],count=8,user=green
===20171005-030523,main[132]=== json_str=[
{
	"games":	[{
			"id":	"group1/M00/00/00/wKgAdlnVuTeAIdEdAA7zgPVYRyU936.gif",
			"kind":	1,
			"title_m":	"1d37d570c1ec01e5f9c96dd096d5db40.gif",
			"title_s":	"green",
			"descrip":	"2017-10-05 00:46:47",
			"picurl_m":	"http://192.168.0.118/static/file_png/2.png",
			"url":	"http://192.168.0.118/group1/M00/00/00/wKgAdlnVuTeAIdEdAA7zgPVYRyU936.gif",
			"pv":	0,
			"hot":	1
		}, {
			"id":	"group1/M00/00/00/wKgAdlnVtbyAF-LdAAD4Uk5RSp8961.jpg",
			"kind":	1,
			"title_m":	"5fdf8db1cb1349544f4b8f3a5e4e9258d1094a12.jpg",
			"title_s":	"green",
			"descrip":	"2017-10-05 00:31:56",
			"picurl_m":	"http://192.168.0.118/static/file_png/2.png",
			"url":	"http://192.168.0.118/group1/M00/00/00/wKgAdlnVtbyAF-LdAAD4Uk5RSp8961.jpg",
			"pv":	0,
			"hot":	0
		}, {
			"id":	"",
			"kind":	1,
			"title_m":	"46e74acfd9257bc2e0bc4e81a2065574.png",
			"title_s":	"green",
			"descrip":	"2017-10-04 23:39:43",
			"picurl_m":	"http://192.168.0.118/static/file_png/2.png",
			"url":	"http://192.168.0.118/",
			"pv":	0,
			"hot":	0
		}, {
			"id":	"",
			"kind":	1,
			"title_m":	"46e74acfd9257bc2e0bc4e81a2065574.png",
			"title_s":	"green",
			"descrip":	"2017-10-04 23:39:43",
			"picurl_m":	"http://192.168.0.118/static/file_png/2.png",
			"url":	"http://192.168.0.118/",
			"pv":	0,
			"hot":	0
		}]
}
]
===20171005-030526,main[105]=== query_string=[cmd=shareFile&fromId=0&count=8&user=green]
===20171005-030526,main[162]=== fromd=[0],count=8,user=green
===20171005-030526,main[171]=== json_str=[
{
	"games":	[{
			"id":	"group1/M00/00/00/wKgAdlnVuTeAIdEdAA7zgPVYRyU936.gif",
			"kind":	1,
			"title_m":	"1d37d570c1ec01e5f9c96dd096d5db40.gif",
			"title_s":	"green",
			"descrip":	"2017-10-05 00:46:47",
			"picurl_m":	"http://192.168.0.118/static/file_png/2.png",
			"url":	"http://192.168.0.118/group1/M00/00/00/wKgAdlnVuTeAIdEdAA7zgPVYRyU936.gif",
			"pv":	0,
			"hot":	1
		}, {
			"id":	"group1/M00/00/00/wKgAdlnVtjyAAxrNAA4X67OLUNk422.png",
			"kind":	1,
			"title_m":	"10e5ea81ff81c9ba1a18c18546379186.png",
			"title_s":	"red",
			"descrip":	"2017-10-05 00:34:04",
			"picurl_m":	"http://192.168.0.118/static/file_png/2.png",
			"url":	"http://192.168.0.118/group1/M00/00/00/wKgAdlnVtjyAAxrNAA4X67OLUNk422.png",
			"pv":	0,
			"hot":	1
		}, {
			"id":	"group1/M00/00/00/wKgAdlnV09iAXXX7AATZlirAVlQ413.png",
			"kind":	1,
			"title_m":	"a37cbde0c34309ec05130c561c64705b.png",
			"title_s":	"red",
			"descrip":	"2017-10-05 02:40:24",
			"picurl_m":	"http://192.168.0.118/static/file_png/2.png",
			"url":	"http://192.168.0.118/group1/M00/00/00/wKgAdlnV09iAXXX7AATZlirAVlQ413.png",
			"pv":	1,
			"hot":	1
		}]
}
]
===20171005-030527,main[105]=== query_string=[cmd=newFile&fromId=0&count=8&user=green]
===20171005-030527,main[113]=== fromd=[0],count=8,user=green
===20171005-030527,main[132]=== json_str=[
{
	"games":	[{
			"id":	"group1/M00/00/00/wKgAdlnVuTeAIdEdAA7zgPVYRyU936.gif",
			"kind":	1,
			"title_m":	"1d37d570c1ec01e5f9c96dd096d5db40.gif",
			"title_s":	"green",
			"descrip":	"2017-10-05 00:46:47",
			"picurl_m":	"http://192.168.0.118/static/file_png/2.png",
			"url":	"http://192.168.0.118/group1/M00/00/00/wKgAdlnVuTeAIdEdAA7zgPVYRyU936.gif",
			"pv":	0,
			"hot":	1
		}, {
			"id":	"group1/M00/00/00/wKgAdlnVtbyAF-LdAAD4Uk5RSp8961.jpg",
			"kind":	1,
			"title_m":	"5fdf8db1cb1349544f4b8f3a5e4e9258d1094a12.jpg",
			"title_s":	"green",
			"descrip":	"2017-10-05 00:31:56",
			"picurl_m":	"http://192.168.0.118/static/file_png/2.png",
			"url":	"http://192.168.0.118/group1/M00/00/00/wKgAdlnVtbyAF-LdAAD4Uk5RSp8961.jpg",
			"pv":	0,
			"hot":	0
		}, {
			"id":	"",
			"kind":	1,
			"title_m":	"46e74acfd9257bc2e0bc4e81a2065574.png",
			"title_s":	"green",
			"descrip":	"2017-10-04 23:39:43",
			"picurl_m":	"http://192.168.0.118/static/file_png/2.png",
			"url":	"http://192.168.0.118/",
			"pv":	0,
			"hot":	0
		}, {
			"id":	"",
			"kind":	1,
			"title_m":	"46e74acfd9257bc2e0bc4e81a2065574.png",
			"title_s":	"green",
			"descrip":	"2017-10-04 23:39:43",
			"picurl_m":	"http://192.168.0.118/static/file_png/2.png",
			"url":	"http://192.168.0.118/",
			"pv":	0,
			"hot":	0
		}]
}
]
===20171005-030533,main[105]=== query_string=[cmd=shareFile&fromId=0&count=8&user=green]
===20171005-030533,main[162]=== fromd=[0],count=8,user=green
===20171005-030533,main[171]=== json_str=[
{
	"games":	[{
			"id":	"group1/M00/00/00/wKgAdlnVuTeAIdEdAA7zgPVYRyU936.gif",
			"kind":	1,
			"title_m":	"1d37d570c1ec01e5f9c96dd096d5db40.gif",
			"title_s":	"green",
			"descrip":	"2017-10-05 00:46:47",
			"picurl_m":	"http://192.168.0.118/static/file_png/2.png",
			"url":	"http://192.168.0.118/group1/M00/00/00/wKgAdlnVuTeAIdEdAA7zgPVYRyU936.gif",
			"pv":	0,
			"hot":	1
		}, {
			"id":	"group1/M00/00/00/wKgAdlnVtjyAAxrNAA4X67OLUNk422.png",
			"kind":	1,
			"title_m":	"10e5ea81ff81c9ba1a18c18546379186.png",
			"title_s":	"red",
			"descrip":	"2017-10-05 00:34:04",
			"picurl_m":	"http://192.168.0.118/static/file_png/2.png",
			"url":	"http://192.168.0.118/group1/M00/00/00/wKgAdlnVtjyAAxrNAA4X67OLUNk422.png",
			"pv":	0,
			"hot":	1
		}, {
			"id":	"group1/M00/00/00/wKgAdlnV09iAXXX7AATZlirAVlQ413.png",
			"kind":	1,
			"title_m":	"a37cbde0c34309ec05130c561c64705b.png",
			"title_s":	"red",
			"descrip":	"2017-10-05 02:40:24",
			"picurl_m":	"http://192.168.0.118/static/file_png/2.png",
			"url":	"http://192.168.0.118/group1/M00/00/00/wKgAdlnV09iAXXX7AATZlirAVlQ413.png",
			"pv":	1,
			"hot":	1
		}]
}
]
===20171005-030700,main[105]=== query_string=[cmd=shareFile&fromId=0&count=8&user=green]
===20171005-030700,main[162]=== fromd=[0],count=8,user=green
===20171005-030700,main[171]=== json_str=[
{
	"games":	[{
			"id":	"group1/M00/00/00/wKgAdlnVuTeAIdEdAA7zgPVYRyU936.gif",
			"kind":	1,
			"title_m":	"1d37d570c1ec01e5f9c96dd096d5db40.gif",
			"title_s":	"green",
			"descrip":	"2017-10-05 00:46:47",
			"picurl_m":	"http://192.168.0.118/static/file_png/2.png",
			"url":	"http://192.168.0.118/group1/M00/00/00/wKgAdlnVuTeAIdEdAA7zgPVYRyU936.gif",
			"pv":	0,
			"hot":	1
		}, {
			"id":	"group1/M00/00/00/wKgAdlnVtjyAAxrNAA4X67OLUNk422.png",
			"kind":	1,
			"title_m":	"10e5ea81ff81c9ba1a18c18546379186.png",
			"title_s":	"red",
			"descrip":	"2017-10-05 00:34:04",
			"picurl_m":	"http://192.168.0.118/static/file_png/2.png",
			"url":	"http://192.168.0.118/group1/M00/00/00/wKgAdlnVtjyAAxrNAA4X67OLUNk422.png",
			"pv":	0,
			"hot":	1
		}, {
			"id":	"group1/M00/00/00/wKgAdlnV09iAXXX7AATZlirAVlQ413.png",
			"kind":	1,
			"title_m":	"a37cbde0c34309ec05130c561c64705b.png",
			"title_s":	"red",
			"descrip":	"2017-10-05 02:40:24",
			"picurl_m":	"http://192.168.0.118/static/file_png/2.png",
			"url":	"http://192.168.0.118/group1/M00/00/00/wKgAdlnV09iAXXX7AATZlirAVlQ413.png",
			"pv":	1,
			"hot":	1
		}]
}
]
===20171005-030701,main[105]=== query_string=[cmd=shareFile&fromId=0&count=8&user=green]
===20171005-030701,main[162]=== fromd=[0],count=8,user=green
===20171005-030701,main[171]=== json_str=[
{
	"games":	[{
			"id":	"group1/M00/00/00/wKgAdlnVuTeAIdEdAA7zgPVYRyU936.gif",
			"kind":	1,
			"title_m":	"1d37d570c1ec01e5f9c96dd096d5db40.gif",
			"title_s":	"green",
			"descrip":	"2017-10-05 00:46:47",
			"picurl_m":	"http://192.168.0.118/static/file_png/2.png",
			"url":	"http://192.168.0.118/group1/M00/00/00/wKgAdlnVuTeAIdEdAA7zgPVYRyU936.gif",
			"pv":	0,
			"hot":	1
		}, {
			"id":	"group1/M00/00/00/wKgAdlnVtjyAAxrNAA4X67OLUNk422.png",
			"kind":	1,
			"title_m":	"10e5ea81ff81c9ba1a18c18546379186.png",
			"title_s":	"red",
			"descrip":	"2017-10-05 00:34:04",
			"picurl_m":	"http://192.168.0.118/static/file_png/2.png",
			"url":	"http://192.168.0.118/group1/M00/00/00/wKgAdlnVtjyAAxrNAA4X67OLUNk422.png",
			"pv":	0,
			"hot":	1
		}, {
			"id":	"group1/M00/00/00/wKgAdlnV09iAXXX7AATZlirAVlQ413.png",
			"kind":	1,
			"title_m":	"a37cbde0c34309ec05130c561c64705b.png",
			"title_s":	"red",
			"descrip":	"2017-10-05 02:40:24",
			"picurl_m":	"http://192.168.0.118/static/file_png/2.png",
			"url":	"http://192.168.0.118/group1/M00/00/00/wKgAdlnV09iAXXX7AATZlirAVlQ413.png",
			"pv":	1,
			"hot":	1
		}]
}
]
===20171005-030736,main[105]=== query_string=[cmd=shareFile&fromId=0&count=8&user=green]
===20171005-030736,main[162]=== fromd=[0],count=8,user=green
===20171005-030736,main[171]=== json_str=[
{
	"games":	[{
			"id":	"group1/M00/00/00/wKgAdlnVuTeAIdEdAA7zgPVYRyU936.gif",
			"kind":	1,
			"title_m":	"1d37d570c1ec01e5f9c96dd096d5db40.gif",
			"title_s":	"green",
			"descrip":	"2017-10-05 00:46:47",
			"picurl_m":	"http://192.168.0.118/static/file_png/2.png",
			"url":	"http://192.168.0.118/group1/M00/00/00/wKgAdlnVuTeAIdEdAA7zgPVYRyU936.gif",
			"pv":	0,
			"hot":	1
		}, {
			"id":	"group1/M00/00/00/wKgAdlnVtjyAAxrNAA4X67OLUNk422.png",
			"kind":	1,
			"title_m":	"10e5ea81ff81c9ba1a18c18546379186.png",
			"title_s":	"red",
			"descrip":	"2017-10-05 00:34:04",
			"picurl_m":	"http://192.168.0.118/static/file_png/2.png",
			"url":	"http://192.168.0.118/group1/M00/00/00/wKgAdlnVtjyAAxrNAA4X67OLUNk422.png",
			"pv":	0,
			"hot":	1
		}, {
			"id":	"group1/M00/00/00/wKgAdlnV09iAXXX7AATZlirAVlQ413.png",
			"kind":	1,
			"title_m":	"a37cbde0c34309ec05130c561c64705b.png",
			"title_s":	"red",
			"descrip":	"2017-10-05 02:40:24",
			"picurl_m":	"http://192.168.0.118/static/file_png/2.png",
			"url":	"http://192.168.0.118/group1/M00/00/00/wKgAdlnV09iAXXX7AATZlirAVlQ413.png",
			"pv":	1,
			"hot":	1
		}]
}
]
===20171005-030736,main[105]=== query_string=[cmd=shareFile&fromId=0&count=8&user=green]
===20171005-030736,main[162]=== fromd=[0],count=8,user=green
===20171005-030736,main[171]=== json_str=[
{
	"games":	[{
			"id":	"group1/M00/00/00/wKgAdlnVuTeAIdEdAA7zgPVYRyU936.gif",
			"kind":	1,
			"title_m":	"1d37d570c1ec01e5f9c96dd096d5db40.gif",
			"title_s":	"green",
			"descrip":	"2017-10-05 00:46:47",
			"picurl_m":	"http://192.168.0.118/static/file_png/2.png",
			"url":	"http://192.168.0.118/group1/M00/00/00/wKgAdlnVuTeAIdEdAA7zgPVYRyU936.gif",
			"pv":	0,
			"hot":	1
		}, {
			"id":	"group1/M00/00/00/wKgAdlnVtjyAAxrNAA4X67OLUNk422.png",
			"kind":	1,
			"title_m":	"10e5ea81ff81c9ba1a18c18546379186.png",
			"title_s":	"red",
			"descrip":	"2017-10-05 00:34:04",
			"picurl_m":	"http://192.168.0.118/static/file_png/2.png",
			"url":	"http://192.168.0.118/group1/M00/00/00/wKgAdlnVtjyAAxrNAA4X67OLUNk422.png",
			"pv":	0,
			"hot":	1
		}, {
			"id":	"group1/M00/00/00/wKgAdlnV09iAXXX7AATZlirAVlQ413.png",
			"kind":	1,
			"title_m":	"a37cbde0c34309ec05130c561c64705b.png",
			"title_s":	"red",
			"descrip":	"2017-10-05 02:40:24",
			"picurl_m":	"http://192.168.0.118/static/file_png/2.png",
			"url":	"http://192.168.0.118/group1/M00/00/00/wKgAdlnV09iAXXX7AATZlirAVlQ413.png",
			"pv":	1,
			"hot":	1
		}]
}
]
===20171005-030737,main[105]=== query_string=[cmd=shareFile&fromId=0&count=8&user=green]
===20171005-030737,main[162]=== fromd=[0],count=8,user=green
===20171005-030737,main[171]=== json_str=[
{
	"games":	[{
			"id":	"group1/M00/00/00/wKgAdlnVuTeAIdEdAA7zgPVYRyU936.gif",
			"kind":	1,
			"title_m":	"1d37d570c1ec01e5f9c96dd096d5db40.gif",
			"title_s":	"green",
			"descrip":	"2017-10-05 00:46:47",
			"picurl_m":	"http://192.168.0.118/static/file_png/2.png",
			"url":	"http://192.168.0.118/group1/M00/00/00/wKgAdlnVuTeAIdEdAA7zgPVYRyU936.gif",
			"pv":	0,
			"hot":	1
		}, {
			"id":	"group1/M00/00/00/wKgAdlnVtjyAAxrNAA4X67OLUNk422.png",
			"kind":	1,
			"title_m":	"10e5ea81ff81c9ba1a18c18546379186.png",
			"title_s":	"red",
			"descrip":	"2017-10-05 00:34:04",
			"picurl_m":	"http://192.168.0.118/static/file_png/2.png",
			"url":	"http://192.168.0.118/group1/M00/00/00/wKgAdlnVtjyAAxrNAA4X67OLUNk422.png",
			"pv":	0,
			"hot":	1
		}, {
			"id":	"group1/M00/00/00/wKgAdlnV09iAXXX7AATZlirAVlQ413.png",
			"kind":	1,
			"title_m":	"a37cbde0c34309ec05130c561c64705b.png",
			"title_s":	"red",
			"descrip":	"2017-10-05 02:40:24",
			"picurl_m":	"http://192.168.0.118/static/file_png/2.png",
			"url":	"http://192.168.0.118/group1/M00/00/00/wKgAdlnV09iAXXX7AATZlirAVlQ413.png",
			"pv":	1,
			"hot":	1
		}]
}
]
===20171005-031538,main[105]=== query_string=[cmd=newFile&fromId=0&count=8&user=green]
===20171005-031538,main[113]=== fromd=[0],count=8,user=green
===20171005-031538,main[132]=== newFile:json_str=[
{
	"games":	[{
			"id":	"group1/M00/00/00/wKgAdlnVuTeAIdEdAA7zgPVYRyU936.gif",
			"kind":	1,
			"title_m":	"1d37d570c1ec01e5f9c96dd096d5db40.gif",
			"title_s":	"green",
			"descrip":	"2017-10-05 00:46:47",
			"picurl_m":	"http://192.168.0.118/static/file_png/2.png",
			"url":	"http://192.168.0.118/group1/M00/00/00/wKgAdlnVuTeAIdEdAA7zgPVYRyU936.gif",
			"pv":	0,
			"hot":	1
		}, {
			"id":	"group1/M00/00/00/wKgAdlnVtbyAF-LdAAD4Uk5RSp8961.jpg",
			"kind":	1,
			"title_m":	"5fdf8db1cb1349544f4b8f3a5e4e9258d1094a12.jpg",
			"title_s":	"green",
			"descrip":	"2017-10-05 00:31:56",
			"picurl_m":	"http://192.168.0.118/static/file_png/2.png",
			"url":	"http://192.168.0.118/group1/M00/00/00/wKgAdlnVtbyAF-LdAAD4Uk5RSp8961.jpg",
			"pv":	0,
			"hot":	0
		}, {
			"id":	"",
			"kind":	1,
			"title_m":	"46e74acfd9257bc2e0bc4e81a2065574.png",
			"title_s":	"green",
			"descrip":	"2017-10-04 23:39:43",
			"picurl_m":	"http://192.168.0.118/static/file_png/2.png",
			"url":	"http://192.168.0.118/",
			"pv":	0,
			"hot":	0
		}, {
			"id":	"",
			"kind":	1,
			"title_m":	"46e74acfd9257bc2e0bc4e81a2065574.png",
			"title_s":	"green",
			"descrip":	"2017-10-04 23:39:43",
			"picurl_m":	"http://192.168.0.118/static/file_png/2.png",
			"url":	"http://192.168.0.118/",
			"pv":	0,
			"hot":	0
		}]
}
]
===20171005-031546,main[105]=== query_string=[cmd=newFile&fromId=0&count=8&user=red]
===20171005-031546,main[113]=== fromd=[0],count=8,user=red
===20171005-031546,main[132]=== newFile:json_str=[
{
	"games":	[{
			"id":	"group1/M00/00/00/wKgAdlnV09iAXXX7AATZlirAVlQ413.png",
			"kind":	1,
			"title_m":	"a37cbde0c34309ec05130c561c64705b.png",
			"title_s":	"red",
			"descrip":	"2017-10-05 02:40:24",
			"picurl_m":	"http://192.168.0.118/static/file_png/2.png",
			"url":	"http://192.168.0.118/group1/M00/00/00/wKgAdlnV09iAXXX7AATZlirAVlQ413.png",
			"pv":	1,
			"hot":	1
		}, {
			"id":	"group1/M00/00/00/wKgAdlnVtjyAAxrNAA4X67OLUNk422.png",
			"kind":	1,
			"title_m":	"10e5ea81ff81c9ba1a18c18546379186.png",
			"title_s":	"red",
			"descrip":	"2017-10-05 00:34:04",
			"picurl_m":	"http://192.168.0.118/static/file_png/2.png",
			"url":	"http://192.168.0.118/group1/M00/00/00/wKgAdlnVtjyAAxrNAA4X67OLUNk422.png",
			"pv":	0,
			"hot":	1
		}]
}
]
===20171005-031549,main[105]=== query_string=[cmd=shareFile&fromId=0&count=8&user=red]
===20171005-031549,main[162]=== fromd=[0],count=8,user=red
===20171005-031549,main[171]=== shareFile:json_str=[
{
	"games":	[{
			"id":	"group1/M00/00/00/wKgAdlnVuTeAIdEdAA7zgPVYRyU936.gif",
			"kind":	1,
			"title_m":	"1d37d570c1ec01e5f9c96dd096d5db40.gif",
			"title_s":	"green",
			"descrip":	"2017-10-05 00:46:47",
			"picurl_m":	"http://192.168.0.118/static/file_png/2.png",
			"url":	"http://192.168.0.118/group1/M00/00/00/wKgAdlnVuTeAIdEdAA7zgPVYRyU936.gif",
			"pv":	0,
			"hot":	1
		}, {
			"id":	"group1/M00/00/00/wKgAdlnVtjyAAxrNAA4X67OLUNk422.png",
			"kind":	1,
			"title_m":	"10e5ea81ff81c9ba1a18c18546379186.png",
			"title_s":	"red",
			"descrip":	"2017-10-05 00:34:04",
			"picurl_m":	"http://192.168.0.118/static/file_png/2.png",
			"url":	"http://192.168.0.118/group1/M00/00/00/wKgAdlnVtjyAAxrNAA4X67OLUNk422.png",
			"pv":	0,
			"hot":	1
		}, {
			"id":	"group1/M00/00/00/wKgAdlnV09iAXXX7AATZlirAVlQ413.png",
			"kind":	1,
			"title_m":	"a37cbde0c34309ec05130c561c64705b.png",
			"title_s":	"red",
			"descrip":	"2017-10-05 02:40:24",
			"picurl_m":	"http://192.168.0.118/static/file_png/2.png",
			"url":	"http://192.168.0.118/group1/M00/00/00/wKgAdlnV09iAXXX7AATZlirAVlQ413.png",
			"pv":	1,
			"hot":	1
		}]
}
]
===20171005-031710,main[105]=== query_string=[cmd=shareFile&fromId=0&count=8&user=red]
===20171005-031710,main[162]=== fromd=[0],count=8,user=red
===20171005-031710,main[171]=== shareFile:json_str=[
{
	"games":	[{
			"id":	"group1/M00/00/00/wKgAdlnVuTeAIdEdAA7zgPVYRyU936.gif",
			"kind":	1,
			"title_m":	"1d37d570c1ec01e5f9c96dd096d5db40.gif",
			"title_s":	"green",
			"descrip":	"2017-10-05 00:46:47",
			"picurl_m":	"http://192.168.0.118/static/file_png/2.png",
			"url":	"http://192.168.0.118/group1/M00/00/00/wKgAdlnVuTeAIdEdAA7zgPVYRyU936.gif",
			"pv":	0,
			"hot":	1
		}, {
			"id":	"group1/M00/00/00/wKgAdlnVtjyAAxrNAA4X67OLUNk422.png",
			"kind":	1,
			"title_m":	"10e5ea81ff81c9ba1a18c18546379186.png",
			"title_s":	"red",
			"descrip":	"2017-10-05 00:34:04",
			"picurl_m":	"http://192.168.0.118/static/file_png/2.png",
			"url":	"http://192.168.0.118/group1/M00/00/00/wKgAdlnVtjyAAxrNAA4X67OLUNk422.png",
			"pv":	0,
			"hot":	1
		}, {
			"id":	"group1/M00/00/00/wKgAdlnV09iAXXX7AATZlirAVlQ413.png",
			"kind":	1,
			"title_m":	"a37cbde0c34309ec05130c561c64705b.png",
			"title_s":	"red",
			"descrip":	"2017-10-05 02:40:24",
			"picurl_m":	"http://192.168.0.118/static/file_png/2.png",
			"url":	"http://192.168.0.118/group1/M00/00/00/wKgAdlnV09iAXXX7AATZlirAVlQ413.png",
			"pv":	1,
			"hot":	1
		}]
}
]
===20171005-031740,main[105]=== query_string=[cmd=shareFile&fromId=0&count=8&user=red]
===20171005-031740,main[162]=== fromd=[0],count=8,user=red
===20171005-031740,main[171]=== shareFile:json_str=[
{
	"games":	[{
			"id":	"group1/M00/00/00/wKgAdlnVuTeAIdEdAA7zgPVYRyU936.gif",
			"kind":	1,
			"title_m":	"1d37d570c1ec01e5f9c96dd096d5db40.gif",
			"title_s":	"green",
			"descrip":	"2017-10-05 00:46:47",
			"picurl_m":	"http://192.168.0.118/static/file_png/2.png",
			"url":	"http://192.168.0.118/group1/M00/00/00/wKgAdlnVuTeAIdEdAA7zgPVYRyU936.gif",
			"pv":	0,
			"hot":	1
		}, {
			"id":	"group1/M00/00/00/wKgAdlnVtjyAAxrNAA4X67OLUNk422.png",
			"kind":	1,
			"title_m":	"10e5ea81ff81c9ba1a18c18546379186.png",
			"title_s":	"red",
			"descrip":	"2017-10-05 00:34:04",
			"picurl_m":	"http://192.168.0.118/static/file_png/2.png",
			"url":	"http://192.168.0.118/group1/M00/00/00/wKgAdlnVtjyAAxrNAA4X67OLUNk422.png",
			"pv":	0,
			"hot":	1
		}, {
			"id":	"group1/M00/00/00/wKgAdlnV09iAXXX7AATZlirAVlQ413.png",
			"kind":	1,
			"title_m":	"a37cbde0c34309ec05130c561c64705b.png",
			"title_s":	"red",
			"descrip":	"2017-10-05 02:40:24",
			"picurl_m":	"http://192.168.0.118/static/file_png/2.png",
			"url":	"http://192.168.0.118/group1/M00/00/00/wKgAdlnV09iAXXX7AATZlirAVlQ413.png",
			"pv":	1,
			"hot":	1
		}]
}
]
===20171005-031824,main[105]=== query_string=[cmd=newFile&fromId=0&count=8&user=red]
===20171005-031824,main[113]=== fromd=[0],count=8,user=red
===20171005-031824,main[132]=== newFile:json_str=[
{
	"games":	[{
			"id":	"group1/M00/00/00/wKgAdlnV09iAXXX7AATZlirAVlQ413.png",
			"kind":	1,
			"title_m":	"a37cbde0c34309ec05130c561c64705b.png",
			"title_s":	"red",
			"descrip":	"2017-10-05 02:40:24",
			"picurl_m":	"http://192.168.0.118/static/file_png/2.png",
			"url":	"http://192.168.0.118/group1/M00/00/00/wKgAdlnV09iAXXX7AATZlirAVlQ413.png",
			"pv":	1,
			"hot":	1
		}, {
			"id":	"group1/M00/00/00/wKgAdlnVtjyAAxrNAA4X67OLUNk422.png",
			"kind":	1,
			"title_m":	"10e5ea81ff81c9ba1a18c18546379186.png",
			"title_s":	"red",
			"descrip":	"2017-10-05 00:34:04",
			"picurl_m":	"http://192.168.0.118/static/file_png/2.png",
			"url":	"http://192.168.0.118/group1/M00/00/00/wKgAdlnVtjyAAxrNAA4X67OLUNk422.png",
			"pv":	0,
			"hot":	1
		}]
}
]
===20171005-031826,main[105]=== query_string=[cmd=shareFile&fromId=0&count=8&user=red]
===20171005-031826,main[162]=== fromd=[0],count=8,user=red
===20171005-031826,main[171]=== shareFile:json_str=[
{
	"games":	[{
			"id":	"group1/M00/00/00/wKgAdlnVuTeAIdEdAA7zgPVYRyU936.gif",
			"kind":	1,
			"title_m":	"1d37d570c1ec01e5f9c96dd096d5db40.gif",
			"title_s":	"green",
			"descrip":	"2017-10-05 00:46:47",
			"picurl_m":	"http://192.168.0.118/static/file_png/2.png",
			"url":	"http://192.168.0.118/group1/M00/00/00/wKgAdlnVuTeAIdEdAA7zgPVYRyU936.gif",
			"pv":	0,
			"hot":	1
		}, {
			"id":	"group1/M00/00/00/wKgAdlnVtjyAAxrNAA4X67OLUNk422.png",
			"kind":	1,
			"title_m":	"10e5ea81ff81c9ba1a18c18546379186.png",
			"title_s":	"red",
			"descrip":	"2017-10-05 00:34:04",
			"picurl_m":	"http://192.168.0.118/static/file_png/2.png",
			"url":	"http://192.168.0.118/group1/M00/00/00/wKgAdlnVtjyAAxrNAA4X67OLUNk422.png",
			"pv":	0,
			"hot":	1
		}, {
			"id":	"group1/M00/00/00/wKgAdlnV09iAXXX7AATZlirAVlQ413.png",
			"kind":	1,
			"title_m":	"a37cbde0c34309ec05130c561c64705b.png",
			"title_s":	"red",
			"descrip":	"2017-10-05 02:40:24",
			"picurl_m":	"http://192.168.0.118/static/file_png/2.png",
			"url":	"http://192.168.0.118/group1/M00/00/00/wKgAdlnV09iAXXX7AATZlirAVlQ413.png",
			"pv":	1,
			"hot":	1
		}]
}
]
===20171005-031832,main[105]=== query_string=[cmd=shareFile&fromId=0&count=8&user=red]
===20171005-031832,main[162]=== fromd=[0],count=8,user=red
===20171005-031832,main[171]=== shareFile:json_str=[
{
	"games":	[{
			"id":	"group1/M00/00/00/wKgAdlnVuTeAIdEdAA7zgPVYRyU936.gif",
			"kind":	1,
			"title_m":	"1d37d570c1ec01e5f9c96dd096d5db40.gif",
			"title_s":	"green",
			"descrip":	"2017-10-05 00:46:47",
			"picurl_m":	"http://192.168.0.118/static/file_png/2.png",
			"url":	"http://192.168.0.118/group1/M00/00/00/wKgAdlnVuTeAIdEdAA7zgPVYRyU936.gif",
			"pv":	0,
			"hot":	1
		}, {
			"id":	"group1/M00/00/00/wKgAdlnVtjyAAxrNAA4X67OLUNk422.png",
			"kind":	1,
			"title_m":	"10e5ea81ff81c9ba1a18c18546379186.png",
			"title_s":	"red",
			"descrip":	"2017-10-05 00:34:04",
			"picurl_m":	"http://192.168.0.118/static/file_png/2.png",
			"url":	"http://192.168.0.118/group1/M00/00/00/wKgAdlnVtjyAAxrNAA4X67OLUNk422.png",
			"pv":	0,
			"hot":	1
		}, {
			"id":	"group1/M00/00/00/wKgAdlnV09iAXXX7AATZlirAVlQ413.png",
			"kind":	1,
			"title_m":	"a37cbde0c34309ec05130c561c64705b.png",
			"title_s":	"red",
			"descrip":	"2017-10-05 02:40:24",
			"picurl_m":	"http://192.168.0.118/static/file_png/2.png",
			"url":	"http://192.168.0.118/group1/M00/00/00/wKgAdlnV09iAXXX7AATZlirAVlQ413.png",
			"pv":	1,
			"hot":	1
		}]
}
]
===20171005-031833,main[105]=== query_string=[cmd=shareFile&fromId=0&count=8&user=red]
===20171005-031833,main[162]=== fromd=[0],count=8,user=red
===20171005-031833,main[171]=== shareFile:json_str=[
{
	"games":	[{
			"id":	"group1/M00/00/00/wKgAdlnVuTeAIdEdAA7zgPVYRyU936.gif",
			"kind":	1,
			"title_m":	"1d37d570c1ec01e5f9c96dd096d5db40.gif",
			"title_s":	"green",
			"descrip":	"2017-10-05 00:46:47",
			"picurl_m":	"http://192.168.0.118/static/file_png/2.png",
			"url":	"http://192.168.0.118/group1/M00/00/00/wKgAdlnVuTeAIdEdAA7zgPVYRyU936.gif",
			"pv":	0,
			"hot":	1
		}, {
			"id":	"group1/M00/00/00/wKgAdlnVtjyAAxrNAA4X67OLUNk422.png",
			"kind":	1,
			"title_m":	"10e5ea81ff81c9ba1a18c18546379186.png",
			"title_s":	"red",
			"descrip":	"2017-10-05 00:34:04",
			"picurl_m":	"http://192.168.0.118/static/file_png/2.png",
			"url":	"http://192.168.0.118/group1/M00/00/00/wKgAdlnVtjyAAxrNAA4X67OLUNk422.png",
			"pv":	0,
			"hot":	1
		}, {
			"id":	"group1/M00/00/00/wKgAdlnV09iAXXX7AATZlirAVlQ413.png",
			"kind":	1,
			"title_m":	"a37cbde0c34309ec05130c561c64705b.png",
			"title_s":	"red",
			"descrip":	"2017-10-05 02:40:24",
			"picurl_m":	"http://192.168.0.118/static/file_png/2.png",
			"url":	"http://192.168.0.118/group1/M00/00/00/wKgAdlnV09iAXXX7AATZlirAVlQ413.png",
			"pv":	1,
			"hot":	1
		}]
}
]
===20171005-031833,main[105]=== query_string=[cmd=shareFile&fromId=0&count=8&user=red]
===20171005-031833,main[162]=== fromd=[0],count=8,user=red
===20171005-031833,main[171]=== shareFile:json_str=[
{
	"games":	[{
			"id":	"group1/M00/00/00/wKgAdlnVuTeAIdEdAA7zgPVYRyU936.gif",
			"kind":	1,
			"title_m":	"1d37d570c1ec01e5f9c96dd096d5db40.gif",
			"title_s":	"green",
			"descrip":	"2017-10-05 00:46:47",
			"picurl_m":	"http://192.168.0.118/static/file_png/2.png",
			"url":	"http://192.168.0.118/group1/M00/00/00/wKgAdlnVuTeAIdEdAA7zgPVYRyU936.gif",
			"pv":	0,
			"hot":	1
		}, {
			"id":	"group1/M00/00/00/wKgAdlnVtjyAAxrNAA4X67OLUNk422.png",
			"kind":	1,
			"title_m":	"10e5ea81ff81c9ba1a18c18546379186.png",
			"title_s":	"red",
			"descrip":	"2017-10-05 00:34:04",
			"picurl_m":	"http://192.168.0.118/static/file_png/2.png",
			"url":	"http://192.168.0.118/group1/M00/00/00/wKgAdlnVtjyAAxrNAA4X67OLUNk422.png",
			"pv":	0,
			"hot":	1
		}, {
			"id":	"group1/M00/00/00/wKgAdlnV09iAXXX7AATZlirAVlQ413.png",
			"kind":	1,
			"title_m":	"a37cbde0c34309ec05130c561c64705b.png",
			"title_s":	"red",
			"descrip":	"2017-10-05 02:40:24",
			"picurl_m":	"http://192.168.0.118/static/file_png/2.png",
			"url":	"http://192.168.0.118/group1/M00/00/00/wKgAdlnV09iAXXX7AATZlirAVlQ413.png",
			"pv":	1,
			"hot":	1
		}]
}
]
===20171005-031834,main[105]=== query_string=[cmd=shareFile&fromId=0&count=8&user=red]
===20171005-031834,main[162]=== fromd=[0],count=8,user=red
===20171005-031834,main[171]=== shareFile:json_str=[
{
	"games":	[{
			"id":	"group1/M00/00/00/wKgAdlnVuTeAIdEdAA7zgPVYRyU936.gif",
			"kind":	1,
			"title_m":	"1d37d570c1ec01e5f9c96dd096d5db40.gif",
			"title_s":	"green",
			"descrip":	"2017-10-05 00:46:47",
			"picurl_m":	"http://192.168.0.118/static/file_png/2.png",
			"url":	"http://192.168.0.118/group1/M00/00/00/wKgAdlnVuTeAIdEdAA7zgPVYRyU936.gif",
			"pv":	0,
			"hot":	1
		}, {
			"id":	"group1/M00/00/00/wKgAdlnVtjyAAxrNAA4X67OLUNk422.png",
			"kind":	1,
			"title_m":	"10e5ea81ff81c9ba1a18c18546379186.png",
			"title_s":	"red",
			"descrip":	"2017-10-05 00:34:04",
			"picurl_m":	"http://192.168.0.118/static/file_png/2.png",
			"url":	"http://192.168.0.118/group1/M00/00/00/wKgAdlnVtjyAAxrNAA4X67OLUNk422.png",
			"pv":	0,
			"hot":	1
		}, {
			"id":	"group1/M00/00/00/wKgAdlnV09iAXXX7AATZlirAVlQ413.png",
			"kind":	1,
			"title_m":	"a37cbde0c34309ec05130c561c64705b.png",
			"title_s":	"red",
			"descrip":	"2017-10-05 02:40:24",
			"picurl_m":	"http://192.168.0.118/static/file_png/2.png",
			"url":	"http://192.168.0.118/group1/M00/00/00/wKgAdlnV09iAXXX7AATZlirAVlQ413.png",
			"pv":	1,
			"hot":	1
		}]
}
]
===20171005-031834,main[105]=== query_string=[cmd=shareFile&fromId=0&count=8&user=red]
===20171005-031834,main[162]=== fromd=[0],count=8,user=red
===20171005-031834,main[171]=== shareFile:json_str=[
{
	"games":	[{
			"id":	"group1/M00/00/00/wKgAdlnVuTeAIdEdAA7zgPVYRyU936.gif",
			"kind":	1,
			"title_m":	"1d37d570c1ec01e5f9c96dd096d5db40.gif",
			"title_s":	"green",
			"descrip":	"2017-10-05 00:46:47",
			"picurl_m":	"http://192.168.0.118/static/file_png/2.png",
			"url":	"http://192.168.0.118/group1/M00/00/00/wKgAdlnVuTeAIdEdAA7zgPVYRyU936.gif",
			"pv":	0,
			"hot":	1
		}, {
			"id":	"group1/M00/00/00/wKgAdlnVtjyAAxrNAA4X67OLUNk422.png",
			"kind":	1,
			"title_m":	"10e5ea81ff81c9ba1a18c18546379186.png",
			"title_s":	"red",
			"descrip":	"2017-10-05 00:34:04",
			"picurl_m":	"http://192.168.0.118/static/file_png/2.png",
			"url":	"http://192.168.0.118/group1/M00/00/00/wKgAdlnVtjyAAxrNAA4X67OLUNk422.png",
			"pv":	0,
			"hot":	1
		}, {
			"id":	"group1/M00/00/00/wKgAdlnV09iAXXX7AATZlirAVlQ413.png",
			"kind":	1,
			"title_m":	"a37cbde0c34309ec05130c561c64705b.png",
			"title_s":	"red",
			"descrip":	"2017-10-05 02:40:24",
			"picurl_m":	"http://192.168.0.118/static/file_png/2.png",
			"url":	"http://192.168.0.118/group1/M00/00/00/wKgAdlnV09iAXXX7AATZlirAVlQ413.png",
			"pv":	1,
			"hot":	1
		}]
}
]
===20171005-031836,main[105]=== query_string=[cmd=newFile&fromId=0&count=8&user=red]
===20171005-031836,main[113]=== fromd=[0],count=8,user=red
===20171005-031836,main[132]=== newFile:json_str=[
{
	"games":	[{
			"id":	"group1/M00/00/00/wKgAdlnV09iAXXX7AATZlirAVlQ413.png",
			"kind":	1,
			"title_m":	"a37cbde0c34309ec05130c561c64705b.png",
			"title_s":	"red",
			"descrip":	"2017-10-05 02:40:24",
			"picurl_m":	"http://192.168.0.118/static/file_png/2.png",
			"url":	"http://192.168.0.118/group1/M00/00/00/wKgAdlnV09iAXXX7AATZlirAVlQ413.png",
			"pv":	1,
			"hot":	1
		}, {
			"id":	"group1/M00/00/00/wKgAdlnVtjyAAxrNAA4X67OLUNk422.png",
			"kind":	1,
			"title_m":	"10e5ea81ff81c9ba1a18c18546379186.png",
			"title_s":	"red",
			"descrip":	"2017-10-05 00:34:04",
			"picurl_m":	"http://192.168.0.118/static/file_png/2.png",
			"url":	"http://192.168.0.118/group1/M00/00/00/wKgAdlnVtjyAAxrNAA4X67OLUNk422.png",
			"pv":	0,
			"hot":	1
		}]
}
]
===20171005-031837,main[105]=== query_string=[cmd=shareFile&fromId=0&count=8&user=red]
===20171005-031837,main[162]=== fromd=[0],count=8,user=red
===20171005-031837,main[171]=== shareFile:json_str=[
{
	"games":	[{
			"id":	"group1/M00/00/00/wKgAdlnVuTeAIdEdAA7zgPVYRyU936.gif",
			"kind":	1,
			"title_m":	"1d37d570c1ec01e5f9c96dd096d5db40.gif",
			"title_s":	"green",
			"descrip":	"2017-10-05 00:46:47",
			"picurl_m":	"http://192.168.0.118/static/file_png/2.png",
			"url":	"http://192.168.0.118/group1/M00/00/00/wKgAdlnVuTeAIdEdAA7zgPVYRyU936.gif",
			"pv":	0,
			"hot":	1
		}, {
			"id":	"group1/M00/00/00/wKgAdlnVtjyAAxrNAA4X67OLUNk422.png",
			"kind":	1,
			"title_m":	"10e5ea81ff81c9ba1a18c18546379186.png",
			"title_s":	"red",
			"descrip":	"2017-10-05 00:34:04",
			"picurl_m":	"http://192.168.0.118/static/file_png/2.png",
			"url":	"http://192.168.0.118/group1/M00/00/00/wKgAdlnVtjyAAxrNAA4X67OLUNk422.png",
			"pv":	0,
			"hot":	1
		}, {
			"id":	"group1/M00/00/00/wKgAdlnV09iAXXX7AATZlirAVlQ413.png",
			"kind":	1,
			"title_m":	"a37cbde0c34309ec05130c561c64705b.png",
			"title_s":	"red",
			"descrip":	"2017-10-05 02:40:24",
			"picurl_m":	"http://192.168.0.118/static/file_png/2.png",
			"url":	"http://192.168.0.118/group1/M00/00/00/wKgAdlnV09iAXXX7AATZlirAVlQ413.png",
			"pv":	1,
			"hot":	1
		}]
}
]
===20171005-031954,main[105]=== query_string=[cmd=newFile&fromId=0&count=8&user=haha]
===20171005-031954,main[113]=== fromd=[0],count=8,user=haha
===20171005-031954,main[132]=== newFile:json_str=[
{
	"games":	[]
}
]
===20171005-031958,main[105]=== query_string=[cmd=shareFile&fromId=0&count=8&user=haha]
===20171005-031958,main[162]=== fromd=[0],count=8,user=haha
===20171005-031958,main[171]=== shareFile:json_str=[
{
	"games":	[{
			"id":	"group1/M00/00/00/wKgAdlnVuTeAIdEdAA7zgPVYRyU936.gif",
			"kind":	1,
			"title_m":	"1d37d570c1ec01e5f9c96dd096d5db40.gif",
			"title_s":	"green",
			"descrip":	"2017-10-05 00:46:47",
			"picurl_m":	"http://192.168.0.118/static/file_png/2.png",
			"url":	"http://192.168.0.118/group1/M00/00/00/wKgAdlnVuTeAIdEdAA7zgPVYRyU936.gif",
			"pv":	0,
			"hot":	1
		}, {
			"id":	"group1/M00/00/00/wKgAdlnVtjyAAxrNAA4X67OLUNk422.png",
			"kind":	1,
			"title_m":	"10e5ea81ff81c9ba1a18c18546379186.png",
			"title_s":	"red",
			"descrip":	"2017-10-05 00:34:04",
			"picurl_m":	"http://192.168.0.118/static/file_png/2.png",
			"url":	"http://192.168.0.118/group1/M00/00/00/wKgAdlnVtjyAAxrNAA4X67OLUNk422.png",
			"pv":	0,
			"hot":	1
		}, {
			"id":	"group1/M00/00/00/wKgAdlnV09iAXXX7AATZlirAVlQ413.png",
			"kind":	1,
			"title_m":	"a37cbde0c34309ec05130c561c64705b.png",
			"title_s":	"red",
			"descrip":	"2017-10-05 02:40:24",
			"picurl_m":	"http://192.168.0.118/static/file_png/2.png",
			"url":	"http://192.168.0.118/group1/M00/00/00/wKgAdlnV09iAXXX7AATZlirAVlQ413.png",
			"pv":	1,
			"hot":	1
		}]
}
]
===20171005-031959,main[105]=== query_string=[cmd=newFile&fromId=0&count=8&user=haha]
===20171005-031959,main[113]=== fromd=[0],count=8,user=haha
===20171005-031959,main[132]=== newFile:json_str=[
{
	"games":	[]
}
]
===20171005-032012,main[105]=== query_string=[cmd=newFile&fromId=0&count=8&user=haha]
===20171005-032012,main[113]=== fromd=[0],count=8,user=haha
===20171005-032012,main[132]=== newFile:json_str=[
{
	"games":	[]
}
]
===20171005-032013,main[105]=== query_string=[cmd=shareFile&fromId=0&count=8&user=haha]
===20171005-032013,main[162]=== fromd=[0],count=8,user=haha
===20171005-032013,main[171]=== shareFile:json_str=[
{
	"games":	[{
			"id":	"group1/M00/00/00/wKgAdlnVuTeAIdEdAA7zgPVYRyU936.gif",
			"kind":	1,
			"title_m":	"1d37d570c1ec01e5f9c96dd096d5db40.gif",
			"title_s":	"green",
			"descrip":	"2017-10-05 00:46:47",
			"picurl_m":	"http://192.168.0.118/static/file_png/2.png",
			"url":	"http://192.168.0.118/group1/M00/00/00/wKgAdlnVuTeAIdEdAA7zgPVYRyU936.gif",
			"pv":	0,
			"hot":	1
		}, {
			"id":	"group1/M00/00/00/wKgAdlnVtjyAAxrNAA4X67OLUNk422.png",
			"kind":	1,
			"title_m":	"10e5ea81ff81c9ba1a18c18546379186.png",
			"title_s":	"red",
			"descrip":	"2017-10-05 00:34:04",
			"picurl_m":	"http://192.168.0.118/static/file_png/2.png",
			"url":	"http://192.168.0.118/group1/M00/00/00/wKgAdlnVtjyAAxrNAA4X67OLUNk422.png",
			"pv":	0,
			"hot":	1
		}, {
			"id":	"group1/M00/00/00/wKgAdlnV09iAXXX7AATZlirAVlQ413.png",
			"kind":	1,
			"title_m":	"a37cbde0c34309ec05130c561c64705b.png",
			"title_s":	"red",
			"descrip":	"2017-10-05 02:40:24",
			"picurl_m":	"http://192.168.0.118/static/file_png/2.png",
			"url":	"http://192.168.0.118/group1/M00/00/00/wKgAdlnV09iAXXX7AATZlirAVlQ413.png",
			"pv":	1,
			"hot":	1
		}]
}
]
===20171005-032014,main[105]=== query_string=[cmd=increase&fileId=group1%2FM00%2F00%2F00%2FwKgAdlnVuTeAIdEdAA7zgPVYRyU936.gif]
===20171005-032014,main[141]=== increase:fileid=[group1/M00/00/00/wKgAdlnVuTeAIdEdAA7zgPVYRyU936.gif]
===20171005-032019,main[105]=== query_string=[cmd=newFile&fromId=0&count=8&user=haha]
===20171005-032019,main[113]=== fromd=[0],count=8,user=haha
===20171005-032019,main[132]=== newFile:json_str=[
{
	"games":	[]
}
]
===20171005-041651,main[105]=== query_string=[cmd=newFile&fromId=0&count=8&user=haha]
===20171005-041651,main[113]=== fromd=[0],count=8,user=haha
===20171005-041652,main[132]=== newFile:json_str=[
{
	"games":	[]
}
]
