===20171005-003156,get_username[31]=== user =green
===20171005-003156,main[120]=== boundary:------WebKitFormBoundary9abAzhnWvOfPwOdS

===20171005-003156,main[139]=== filename:5fdf8db1cb1349544f4b8f3a5e4e9258d1094a12.jpg

===20171005-003156,main[186]=== before save_one_file filename=5fdf8db1cb1349544f4b8f3a5e4e9258d1094a12.jpg

===20171005-003156,main[197]=== END is working.

===20171005-003404,get_username[31]=== user =red
===20171005-003404,main[120]=== boundary:------WebKitFormBoundaryO9vuwoJ5Dcjse0RF

===20171005-003404,main[139]=== filename:10e5ea81ff81c9ba1a18c18546379186.png

===20171005-003404,main[186]=== before save_one_file filename=10e5ea81ff81c9ba1a18c18546379186.png

===20171005-003404,main[197]=== END is working.

===20171005-004647,get_username[31]=== user =green
===20171005-004647,main[120]=== boundary:------WebKitFormBoundaryzTl000v0N9F7pt2g

===20171005-004647,main[139]=== filename:1d37d570c1ec01e5f9c96dd096d5db40.gif

===20171005-004647,main[186]=== before save_one_file filename=1d37d570c1ec01e5f9c96dd096d5db40.gif

===20171005-004647,main[197]=== END is working.

===20171005-024024,get_username[31]=== user =red
===20171005-024024,main[120]=== boundary:------WebKitFormBoundary4HIvqlcBwWHaDBy0

===20171005-024024,main[139]=== filename:a37cbde0c34309ec05130c561c64705b.png

===20171005-024024,main[186]=== before save_one_file filename=a37cbde0c34309ec05130c561c64705b.png

===20171005-024024,main[197]=== END is working.

