===20171004-025446,main[155]=== before save_one_file
===20171004-025657,main[155]=== before save_one_file
===20171004-030202,main[155]=== before save_one_file
===20171004-030347,main[155]=== before save_one_file
===20171004-031145,main[155]=== before save_one_file
===20171004-031225,main[155]=== before save_one_file
===20171004-040227,main[155]=== before save_one_file filename=70aed956dc2e7bc7c61536ade8611dc4.png

===20171004-040227,main[155]=== before save_one_file filename=70aed956dc2e7bc7c61536ade8611dc4.png

===20171004-040649,main[155]=== before save_one_file filename=b28a17135b976e1230694ecc8e81188e.png

===20171004-041527,main[155]=== before save_one_file filename=8cc55a7e941edaa26a079bf003b2da49.png

===20171004-075946,main[155]=== before save_one_file filename=2.png

===20171004-080743,main[155]=== before save_one_file filename=fastdfs-nginx-module_v1.16.tar.gz

===20171004-080743,main[155]=== before save_one_file filename=0b91b6dda843f2c113beafb0b4554103.gif

===20171004-223016,get_username[28]=== get user error
===20171004-223353,get_username[28]=== get user error
===20171004-224254,get_username[28]=== get user error
===20171004-224356,get_username[28]=== get user error
===20171004-224646,get_username[28]=== get user error
===20171004-224723,get_username[28]=== get user error
===20171004-225124,main[118]=== boundary:------WebKitFormBoundaryaVY2SPTapqhy9aWX

===20171004-225124,main[137]=== filename:2.png

===20171004-225124,main[184]=== before save_one_file filename=2.png

===20171004-225311,get_username[28]=== get user error
===20171004-225311,main[57]=== 上传文件失败，请先登录.

===20171004-225555,get_username[28]=== get user error
===20171004-225555,main[57]=== 上传文件失败，请先登录.

===20171004-225819,get_username[28]=== get user error
===20171004-225819,main[57]=== 上传文件失败，请先登录.

===20171004-225841,get_username[28]=== get user error
===20171004-225841,main[57]=== 上传文件失败，请先登录.

===20171004-225918,get_username[28]=== get user error
===20171004-225918,main[57]=== 上传文件失败，请先登录.

===20171004-225939,get_username[28]=== get user error
===20171004-225939,main[57]=== 上传文件失败，请先登录.

===20171004-230116,get_username[28]=== get user error
===20171004-230116,main[57]=== 上传文件失败，请先登录.

===20171004-231128,get_username[31]=== user =green
===20171004-231128,main[120]=== boundary:------WebKitFormBoundarykQuLjOhMMnMQl4yW

===20171004-231128,main[139]=== filename:1.png

===20171004-231128,main[186]=== before save_one_file filename=1.png

===20171004-231128,main[197]=== END is working.

===20171004-233802,get_username[31]=== user =green
===20171004-233802,main[120]=== boundary:------WebKitFormBoundaryGjBVBHcztU93AEls

===20171004-233802,main[139]=== filename:5fdf8db1cb1349544f4b8f3a5e4e9258d1094a12.jpg

===20171004-233802,main[186]=== before save_one_file filename=5fdf8db1cb1349544f4b8f3a5e4e9258d1094a12.jpg

===20171004-233802,main[197]=== END is working.

===20171004-233943,get_username[31]=== user =green
===20171004-233943,main[120]=== boundary:------WebKitFormBoundaryajJZBOjB6oqe12Mw

===20171004-233943,main[139]=== filename:46e74acfd9257bc2e0bc4e81a2065574.png

===20171004-233943,main[186]=== before save_one_file filename=46e74acfd9257bc2e0bc4e81a2065574.png

===20171004-233943,main[197]=== END is working.

